<?xml version="1.0" encoding="UTF-8"?>
<!-- Generated by org.testng.reporters.JUnitXMLReporter -->
<testsuite hostname="DESKTOP-FJBLVPL" ignored="0" name="Test" tests="2" failures="1" timestamp="2020-05-22T16:31:29 IST" time="201.418" errors="0">
  <testcase name="test_download_spendconsumption_report" time="181.336" classname="com.prokarma.qa.tests.Download_Spend_Consumption_Report"/>
  <testcase name="test_validate_spend_consumption_report" time="10.026" classname="com.prokarma.qa.tests.Validate_Spend_Consumption_Report">
    <failure type="java.io.FileNotFoundException" message="C:\Users\Venkatesh\eclipse-workspace\EMS\TestOutput (Access is denied)">
      <![CDATA[java.io.FileNotFoundException: C:\Users\Venkatesh\eclipse-workspace\EMS\TestOutput (Access is denied)
at java.io.FileInputStream.open0(Native Method)
at java.io.FileInputStream.open(FileInputStream.java:195)
at java.io.FileInputStream.<init>(FileInputStream.java:138)
at java.io.FileInputStream.<init>(FileInputStream.java:93)
at com.prokarma.qa.web.helpers.ExcelFileUtil.<init>(ExcelFileUtil.java:24)
at com.prokarma.qa.base.ReportValidator.validateSpendConsumptionReport(ReportValidator.java:57)
at com.prokarma.qa.tests.Validate_Spend_Consumption_Report.test_validate_spend_consumption_report(Validate_Spend_Consumption_Report.java:9)
at java.util.ArrayList.forEach(ArrayList.java:1257)
... Removed 27 stack frames]]>
    </failure>
  </testcase> <!-- test_validate_spend_consumption_report -->
</testsuite> <!-- Test -->
