<?xml version="1.0" encoding="UTF-8"?>
<testng-results skipped="0" failed="0" ignored="0" total="1" passed="1">
  <reporter-output>
  </reporter-output>
  <suite name="Default suite" duration-ms="219890" started-at="2020-05-31T21:45:47 IST" finished-at="2020-05-31T21:49:27 IST">
    <groups>
    </groups>
    <test name="Default test" duration-ms="219890" started-at="2020-05-31T21:45:47 IST" finished-at="2020-05-31T21:49:27 IST">
      <class name="com.prokarma.qa.tests.Download_Validate_Spend_Consumption_Report">
        <test-method status="PASS" signature="setup()[pri:0, instance:com.prokarma.qa.tests.Download_Validate_Spend_Consumption_Report@7f13d6e]" name="setup" is-config="true" duration-ms="5070" started-at="2020-05-31T21:45:47 IST" finished-at="2020-05-31T21:45:52 IST">
          <reporter-output>
          </reporter-output>
        </test-method> <!-- setup -->
        <test-method status="PASS" signature="test_download_spendconsumption_report()[pri:0, instance:com.prokarma.qa.tests.Download_Validate_Spend_Consumption_Report@7f13d6e]" name="test_download_spendconsumption_report" duration-ms="214104" started-at="2020-05-31T21:45:52 IST" finished-at="2020-05-31T21:49:26 IST">
          <reporter-output>
          </reporter-output>
        </test-method> <!-- test_download_spendconsumption_report -->
        <test-method status="PASS" signature="tearDown()[pri:0, instance:com.prokarma.qa.tests.Download_Validate_Spend_Consumption_Report@7f13d6e]" name="tearDown" is-config="true" duration-ms="635" started-at="2020-05-31T21:49:26 IST" finished-at="2020-05-31T21:49:27 IST">
          <reporter-output>
          </reporter-output>
        </test-method> <!-- tearDown -->
      </class> <!-- com.prokarma.qa.tests.Download_Validate_Spend_Consumption_Report -->
    </test> <!-- Default test -->
  </suite> <!-- Default suite -->
</testng-results>
